[04-Dec-2021 18:59:59 UTC] PHP Parse error:  syntax error, unexpected '<', expecting end of file in /Users/aisha/Local Sites/mythoughts/app/public/wp-content/themes/astra-child/template-parts/content-single.php on line 35
[05-Dec-2021 16:51:51 UTC] PHP Parse error:  syntax error, unexpected '}' in /Users/aisha/Local Sites/mythoughts/app/public/wp-content/themes/astra-child/functions.php on line 36
[06-Dec-2021 23:02:50 UTC] PHP Parse error:  syntax error, unexpected end of file, expecting '(' in /Users/aisha/Local Sites/mythoughts/app/public/wp-content/plugins/lil-post-types/post-types/register.php on line 3
[06-Dec-2021 23:04:51 UTC] PHP Parse error:  syntax error, unexpected end of file, expecting '(' in /Users/aisha/Local Sites/mythoughts/app/public/wp-content/plugins/lil-post-types/post-types/register.php on line 3
[06-Dec-2021 23:06:59 UTC] PHP Parse error:  syntax error, unexpected end of file, expecting '(' in /Users/aisha/Local Sites/mythoughts/app/public/wp-content/plugins/lil-post-types/post-types/register.php on line 3
[06-Dec-2021 23:08:59 UTC] PHP Parse error:  syntax error, unexpected end of file, expecting '(' in /Users/aisha/Local Sites/mythoughts/app/public/wp-content/plugins/lil-post-types/post-types/register.php on line 3
[06-Dec-2021 23:11:00 UTC] PHP Parse error:  syntax error, unexpected end of file, expecting '(' in /Users/aisha/Local Sites/mythoughts/app/public/wp-content/plugins/lil-post-types/post-types/register.php on line 3
[06-Dec-2021 23:13:01 UTC] PHP Parse error:  syntax error, unexpected end of file, expecting '(' in /Users/aisha/Local Sites/mythoughts/app/public/wp-content/plugins/lil-post-types/post-types/register.php on line 3
[06-Dec-2021 23:15:02 UTC] PHP Parse error:  syntax error, unexpected end of file, expecting '(' in /Users/aisha/Local Sites/mythoughts/app/public/wp-content/plugins/lil-post-types/post-types/register.php on line 3
[06-Dec-2021 23:17:03 UTC] PHP Parse error:  syntax error, unexpected end of file, expecting '(' in /Users/aisha/Local Sites/mythoughts/app/public/wp-content/plugins/lil-post-types/post-types/register.php on line 3
[06-Dec-2021 23:19:03 UTC] PHP Parse error:  syntax error, unexpected end of file, expecting '(' in /Users/aisha/Local Sites/mythoughts/app/public/wp-content/plugins/lil-post-types/post-types/register.php on line 3
[06-Dec-2021 23:21:04 UTC] PHP Parse error:  syntax error, unexpected end of file, expecting '(' in /Users/aisha/Local Sites/mythoughts/app/public/wp-content/plugins/lil-post-types/post-types/register.php on line 3
[06-Dec-2021 23:23:04 UTC] PHP Parse error:  syntax error, unexpected end of file, expecting '(' in /Users/aisha/Local Sites/mythoughts/app/public/wp-content/plugins/lil-post-types/post-types/register.php on line 3
[06-Dec-2021 23:25:05 UTC] PHP Parse error:  syntax error, unexpected end of file, expecting '(' in /Users/aisha/Local Sites/mythoughts/app/public/wp-content/plugins/lil-post-types/post-types/register.php on line 3
[06-Dec-2021 23:27:06 UTC] PHP Parse error:  syntax error, unexpected end of file, expecting '(' in /Users/aisha/Local Sites/mythoughts/app/public/wp-content/plugins/lil-post-types/post-types/register.php on line 3
[06-Dec-2021 23:29:06 UTC] PHP Parse error:  syntax error, unexpected end of file, expecting '(' in /Users/aisha/Local Sites/mythoughts/app/public/wp-content/plugins/lil-post-types/post-types/register.php on line 3
[06-Dec-2021 23:31:07 UTC] PHP Parse error:  syntax error, unexpected end of file, expecting '(' in /Users/aisha/Local Sites/mythoughts/app/public/wp-content/plugins/lil-post-types/post-types/register.php on line 3
[06-Dec-2021 23:33:08 UTC] PHP Parse error:  syntax error, unexpected end of file, expecting '(' in /Users/aisha/Local Sites/mythoughts/app/public/wp-content/plugins/lil-post-types/post-types/register.php on line 3
[06-Dec-2021 23:35:09 UTC] PHP Parse error:  syntax error, unexpected end of file, expecting '(' in /Users/aisha/Local Sites/mythoughts/app/public/wp-content/plugins/lil-post-types/post-types/register.php on line 3
[06-Dec-2021 23:37:10 UTC] PHP Parse error:  syntax error, unexpected end of file, expecting '(' in /Users/aisha/Local Sites/mythoughts/app/public/wp-content/plugins/lil-post-types/post-types/register.php on line 3
[06-Dec-2021 23:39:30 UTC] PHP Parse error:  syntax error, unexpected end of file, expecting '(' in /Users/aisha/Local Sites/mythoughts/app/public/wp-content/plugins/lil-post-types/post-types/register.php on line 3
[06-Dec-2021 23:41:39 UTC] PHP Parse error:  syntax error, unexpected end of file, expecting '(' in /Users/aisha/Local Sites/mythoughts/app/public/wp-content/plugins/lil-post-types/post-types/register.php on line 3
[06-Dec-2021 23:43:51 UTC] PHP Parse error:  syntax error, unexpected end of file, expecting '(' in /Users/aisha/Local Sites/mythoughts/app/public/wp-content/plugins/lil-post-types/post-types/register.php on line 3
[06-Dec-2021 23:45:59 UTC] PHP Parse error:  syntax error, unexpected end of file, expecting '(' in /Users/aisha/Local Sites/mythoughts/app/public/wp-content/plugins/lil-post-types/post-types/register.php on line 3
[06-Dec-2021 23:47:59 UTC] PHP Parse error:  syntax error, unexpected end of file, expecting '(' in /Users/aisha/Local Sites/mythoughts/app/public/wp-content/plugins/lil-post-types/post-types/register.php on line 3
[06-Dec-2021 23:50:00 UTC] PHP Parse error:  syntax error, unexpected end of file, expecting '(' in /Users/aisha/Local Sites/mythoughts/app/public/wp-content/plugins/lil-post-types/post-types/register.php on line 3
[06-Dec-2021 23:52:01 UTC] PHP Parse error:  syntax error, unexpected end of file, expecting '(' in /Users/aisha/Local Sites/mythoughts/app/public/wp-content/plugins/lil-post-types/post-types/register.php on line 3
[06-Dec-2021 23:54:02 UTC] PHP Parse error:  syntax error, unexpected end of file, expecting '(' in /Users/aisha/Local Sites/mythoughts/app/public/wp-content/plugins/lil-post-types/post-types/register.php on line 3
[06-Dec-2021 23:56:03 UTC] PHP Parse error:  syntax error, unexpected end of file, expecting '(' in /Users/aisha/Local Sites/mythoughts/app/public/wp-content/plugins/lil-post-types/post-types/register.php on line 3
[13-Dec-2021 18:57:10 UTC] PHP Parse error:  syntax error, unexpected ''singular_name'' (T_CONSTANT_ENCAPSED_STRING), expecting ')' in /Users/aisha/Local Sites/mythoughts/app/public/wp-content/plugins/lil-post-types/taxonomies/register.php on line 6
[10-Jan-2022 21:20:13 UTC] PHP Parse error:  syntax error, unexpected '}' in /Users/aisha/Local Sites/mythoughts/app/public/wp-content/themes/twentynineteen-child-theme/functions.php on line 21
[10-Jan-2022 21:22:13 UTC] PHP Parse error:  syntax error, unexpected '}' in /Users/aisha/Local Sites/mythoughts/app/public/wp-content/themes/twentynineteen-child-theme/functions.php on line 24
[10-Jan-2022 21:24:14 UTC] PHP Parse error:  syntax error, unexpected '}' in /Users/aisha/Local Sites/mythoughts/app/public/wp-content/themes/twentynineteen-child-theme/functions.php on line 25
[10-Jan-2022 21:26:14 UTC] PHP Parse error:  syntax error, unexpected ';' in /Users/aisha/Local Sites/mythoughts/app/public/wp-content/themes/twentynineteen-child-theme/functions.php on line 25
[10-Jan-2022 21:28:17 UTC] PHP Parse error:  syntax error, unexpected ';' in /Users/aisha/Local Sites/mythoughts/app/public/wp-content/themes/twentynineteen-child-theme/functions.php on line 25
[10-Jan-2022 22:03:13 UTC] PHP Parse error:  syntax error, unexpected 'lil_child_enqueue_styles' (T_STRING), expecting '(' in /Users/aisha/Local Sites/mythoughts/app/public/wp-content/themes/twentynineteen-child-theme/functions.php on line 5
[14-Jan-2022 01:47:34 UTC] PHP Parse error:  syntax error, unexpected '}' in /Users/aisha/Local Sites/mythoughts/app/public/wp-content/plugins/single-post-cta/single-post-cta.php on line 19
[14-Jan-2022 01:47:34 UTC] PHP Fatal error:  Exception thrown without a stack frame in Unknown on line 0
[14-Jan-2022 01:49:35 UTC] PHP Parse error:  syntax error, unexpected '}' in /Users/aisha/Local Sites/mythoughts/app/public/wp-content/plugins/single-post-cta/single-post-cta.php on line 19
[14-Jan-2022 01:49:35 UTC] PHP Fatal error:  Exception thrown without a stack frame in Unknown on line 0
