[02-Dec-2021 14:39:15] NOTICE: fpm is running, pid 52689
[02-Dec-2021 14:39:15] NOTICE: ready to handle connections
[03-Dec-2021 11:41:23] NOTICE: Terminating ...
[03-Dec-2021 11:41:23] NOTICE: Terminating ...
[03-Dec-2021 11:41:23] NOTICE: exiting, bye-bye!
[04-Dec-2021 13:02:18] NOTICE: fpm is running, pid 72229
[04-Dec-2021 13:02:18] NOTICE: ready to handle connections
[04-Dec-2021 14:17:25] NOTICE: Terminating ...
[04-Dec-2021 14:17:25] NOTICE: Terminating ...
[04-Dec-2021 14:17:25] NOTICE: exiting, bye-bye!
[05-Dec-2021 10:54:20] NOTICE: fpm is running, pid 78636
[05-Dec-2021 10:54:20] NOTICE: ready to handle connections
[05-Dec-2021 12:27:47] NOTICE: Terminating ...
[05-Dec-2021 12:27:47] NOTICE: Terminating ...
[05-Dec-2021 12:27:47] NOTICE: exiting, bye-bye!
[05-Dec-2021 17:26:12] NOTICE: fpm is running, pid 86119
[05-Dec-2021 17:26:12] NOTICE: ready to handle connections
[06-Dec-2021 11:31:08] NOTICE: Terminating ...
[06-Dec-2021 11:31:08] NOTICE: Terminating ...
[06-Dec-2021 11:31:08] NOTICE: exiting, bye-bye!
[06-Dec-2021 17:20:30] NOTICE: fpm is running, pid 99985
[06-Dec-2021 17:20:30] NOTICE: ready to handle connections
[06-Dec-2021 18:57:41] NOTICE: Terminating ...
[06-Dec-2021 18:57:41] NOTICE: Terminating ...
[06-Dec-2021 18:57:41] NOTICE: exiting, bye-bye!
[13-Dec-2021 12:19:03] NOTICE: fpm is running, pid 36340
[13-Dec-2021 12:19:03] NOTICE: ready to handle connections
[30-Dec-2021 21:39:11] NOTICE: Terminating ...
[30-Dec-2021 21:39:11] NOTICE: Terminating ...
[30-Dec-2021 21:39:11] NOTICE: exiting, bye-bye!
[30-Dec-2021 21:39:17] NOTICE: fpm is running, pid 59328
[30-Dec-2021 21:39:17] NOTICE: ready to handle connections
[10-Jan-2022 16:02:36] NOTICE: fpm is running, pid 52975
[10-Jan-2022 16:02:36] NOTICE: ready to handle connections
